# JRE version: OpenJDK Runtime Environment Temurin-17.0.5+8 (17.0.5+8) (build 17.0.5+8)
# Java VM: OpenJDK 64-Bit Server VM Temurin-17.0.5+8 (17.0.5+8, mixed mode, tiered, compressed oops, compressed class ptrs, g1 gc, bsd-amd64)
GC Precious Log:
 CPUs: 16 total, 16 available
 Memory: 65536M
 Large Page Support: Disabled
 NUMA Support: Disabled
 Compressed Oops: Enabled (Zero based)
 Heap Region Size: 8M
 Heap Min Capacity: 8M
 Heap Initial Capacity: 1G
 Heap Max Capacity: 16G
 Pre-touch: Disabled
 Parallel Workers: 13
 Concurrent Workers: 3
 Concurrent Refinement Workers: 13
 Periodic GC: Disabled
Heap:
 garbage-first heap   total 163840K, used 69675K [0x0000000400000000, 0x0000000800000000)
  region size 8192K, 8 young (65536K), 2 survivors (16384K)
 Metaspace       used 39629K, committed 40064K, reserved 1089536K
  class space    used 5237K, committed 5440K, reserved 1048576K
GC Heap History (18 events):
Event: 0.676 GC heap before
{Heap before GC invocations=0 (full 0):
 garbage-first heap   total 1048576K, used 49152K [0x0000000400000000, 0x0000000800000000)
  region size 8192K, 6 young (49152K), 0 survivors (0K)
 Metaspace       used 16599K, committed 16704K, reserved 1064960K
  class space    used 1855K, committed 1920K, reserved 1048576K
}
Event: 0.680 GC heap after
{Heap after GC invocations=1 (full 0):
 garbage-first heap   total 1048576K, used 7597K [0x0000000400000000, 0x0000000800000000)
  region size 8192K, 1 young (8192K), 1 survivors (8192K)
 Metaspace       used 16599K, committed 16704K, reserved 1064960K
  class space    used 1855K, committed 1920K, reserved 1048576K
}
Event: 5.177 GC heap before
{Heap before GC invocations=1 (full 0):
 garbage-first heap   total 1048576K, used 23981K [0x0000000400000000, 0x0000000800000000)
  region size 8192K, 5 young (40960K), 1 survivors (8192K)
 Metaspace       used 21303K, committed 21504K, reserved 1073152K
  class space    used 2485K, committed 2560K, reserved 1048576K
}
Event: 5.183 GC heap after
{Heap after GC invocations=2 (full 0):
 garbage-first heap   total 1048576K, used 12235K [0x0000000400000000, 0x0000000800000000)
  region size 8192K, 1 young (8192K), 1 survivors (8192K)
 Metaspace       used 21303K, committed 21504K, reserved 1073152K
  class space    used 2485K, committed 2560K, reserved 1048576K
}
Event: 5.613 GC heap before
{Heap before GC invocations=3 (full 0):
 garbage-first heap   total 81920K, used 45003K [0x0000000400000000, 0x0000000800000000)
  region size 8192K, 6 young (49152K), 1 survivors (8192K)
 Metaspace       used 25658K, committed 26048K, reserved 1073152K
  class space    used 3145K, committed 3328K, reserved 1048576K
}
Event: 5.616 GC heap after
{Heap after GC invocations=4 (full 0):
 garbage-first heap   total 81920K, used 15308K [0x0000000400000000, 0x0000000800000000)
  region size 8192K, 1 young (8192K), 1 survivors (8192K)
 Metaspace       used 25658K, committed 26048K, reserved 1073152K
  class space    used 3145K, committed 3328K, reserved 1048576K
}
Event: 5.734 GC heap before
{Heap before GC invocations=4 (full 0):
 garbage-first heap   total 81920K, used 31692K [0x0000000400000000, 0x0000000800000000)
  region size 8192K, 4 young (32768K), 1 survivors (8192K)
 Metaspace       used 27371K, committed 27776K, reserved 1073152K
  class space    used 3324K, committed 3520K, reserved 1048576K
}
Event: 5.736 GC heap after
{Heap after GC invocations=5 (full 0):
 garbage-first heap   total 81920K, used 16675K [0x0000000400000000, 0x0000000800000000)
  region size 8192K, 1 young (8192K), 1 survivors (8192K)
 Metaspace       used 27371K, committed 27776K, reserved 1073152K
  class space    used 3324K, committed 3520K, reserved 1048576K
}
Event: 5.954 GC heap before
{Heap before GC invocations=5 (full 0):
 garbage-first heap   total 81920K, used 49443K [0x0000000400000000, 0x0000000800000000)
  region size 8192K, 5 young (40960K), 1 survivors (8192K)
 Metaspace       used 30053K, committed 30400K, reserved 1081344K
  class space    used 3966K, committed 4160K, reserved 1048576K
}
Event: 5.957 GC heap after
{Heap after GC invocations=6 (full 0):
 garbage-first heap   total 81920K, used 19841K [0x0000000400000000, 0x0000000800000000)
  region size 8192K, 1 young (8192K), 1 survivors (8192K)
 Metaspace       used 30053K, committed 30400K, reserved 1081344K
  class space    used 3966K, committed 4160K, reserved 1048576K
}
Event: 6.098 GC heap before
{Heap before GC invocations=6 (full 0):
 garbage-first heap   total 81920K, used 52609K [0x0000000400000000, 0x0000000800000000)
  region size 8192K, 5 young (40960K), 1 survivors (8192K)
 Metaspace       used 30610K, committed 30976K, reserved 1081344K
  class space    used 4043K, committed 4224K, reserved 1048576K
}
Event: 6.100 GC heap after
{Heap after GC invocations=7 (full 0):
 garbage-first heap   total 81920K, used 21809K [0x0000000400000000, 0x0000000800000000)
  region size 8192K, 1 young (8192K), 1 survivors (8192K)
 Metaspace       used 30610K, committed 30976K, reserved 1081344K
  class space    used 4043K, committed 4224K, reserved 1048576K
}
Event: 6.158 GC heap before
{Heap before GC invocations=7 (full 0):
 garbage-first heap   total 81920K, used 46385K [0x0000000400000000, 0x0000000800000000)
  region size 8192K, 4 young (32768K), 1 survivors (8192K)
 Metaspace       used 30620K, committed 30976K, reserved 1081344K
  class space    used 4043K, committed 4224K, reserved 1048576K
}
Event: 6.160 GC heap after
{Heap after GC invocations=8 (full 0):
 garbage-first heap   total 81920K, used 23519K [0x0000000400000000, 0x0000000800000000)
  region size 8192K, 1 young (8192K), 1 survivors (8192K)
 Metaspace       used 30620K, committed 30976K, reserved 1081344K
  class space    used 4043K, committed 4224K, reserved 1048576K
}
Event: 6.333 GC heap before
{Heap before GC invocations=8 (full 0):
 garbage-first heap   total 81920K, used 48095K [0x0000000400000000, 0x0000000800000000)
  region size 8192K, 4 young (32768K), 1 survivors (8192K)
 Metaspace       used 33060K, committed 33408K, reserved 1081344K
  class space    used 4372K, committed 4544K, reserved 1048576K
}
Event: 6.336 GC heap after
{Heap after GC invocations=9 (full 0):
 garbage-first heap   total 565248K, used 24478K [0x0000000400000000, 0x0000000800000000)
  region size 8192K, 1 young (8192K), 1 survivors (8192K)
 Metaspace       used 33060K, committed 33408K, reserved 1081344K
  class space    used 4372K, committed 4544K, reserved 1048576K
}
Event: 6.626 GC heap before
{Heap before GC invocations=9 (full 0):
 garbage-first heap   total 565248K, used 65438K [0x0000000400000000, 0x0000000800000000)
  region size 8192K, 7 young (57344K), 1 survivors (8192K)
 Metaspace       used 35785K, committed 36096K, reserved 1081344K
  class space    used 4682K, committed 4864K, reserved 1048576K
}
Event: 6.630 GC heap after
{Heap after GC invocations=10 (full 0):
 garbage-first heap   total 565248K, used 28715K [0x0000000400000000, 0x0000000800000000)
  region size 8192K, 2 young (16384K), 2 survivors (16384K)
 Metaspace       used 35785K, committed 36096K, reserved 1081344K
  class space    used 4682K, committed 4864K, reserved 1048576K
}

